Using pre-set license
Built from '2020.3/staging' branch; Version is '2020.3.14f1 (d0d1bb862f9d) revision 13685179'; Using compiler version '192528614'; Build Type 'Release'
OS: 'Windows 10 Pro; OS build 22000.613; Version 2009; 64bit' Language: 'zh' Physical Memory: 16135 MB
BatchMode: 1, IsHumanControllingUs: 0, StartBugReporterOnCrash: 0, Is64bit: 1, IsPro: 0

 COMMAND LINE ARGUMENTS:
C:\Users\Cooki\Desktop\2020.3.14f1\Editor\Unity.exe
-adb2
-batchMode
-noUpm
-name
AssetImportWorker0
-projectPath
C:/Users/Cooki/Desktop/TFG作業紀錄/unity自主學習/experiment/trytry0411_3D
-logFile
Logs/AssetImportWorker0.log
-srvPort
54173
Successfully changed project path to: C:/Users/Cooki/Desktop/TFG作業紀錄/unity自主學習/experiment/trytry0411_3D
C:/Users/Cooki/Desktop/TFG作業紀錄/unity自主學習/experiment/trytry0411_3D
Using Asset Import Pipeline V2.
Refreshing native plugins compatible for Editor in 25.97 ms, found 2 plugins.
Preloading 0 native plugins for Editor in 0.00 ms.
Initialize engine version: 2020.3.14f1 (d0d1bb862f9d)
[Subsystems] Discovering subsystems at path C:/Users/Cooki/Desktop/2020.3.14f1/Editor/Data/Resources/UnitySubsystems
[Subsystems] Discovering subsystems at path C:/Users/Cooki/Desktop/TFG作業紀錄/unity自主學習/experiment/trytry0411_3D/Assets
GfxDevice: creating device client; threaded=0
Direct3D:
    Version:  Direct3D 11.0 [level 11.1]
    Renderer: Intel(R) UHD Graphics (ID=0x9b41)
    Vendor:   
    VRAM:     8067 MB
    Driver:   30.0.101.1122
Initialize mono
Mono path[0] = 'C:/Users/Cooki/Desktop/2020.3.14f1/Editor/Data/Managed'
Mono path[1] = 'C:/Users/Cooki/Desktop/2020.3.14f1/Editor/Data/MonoBleedingEdge/lib/mono/unityjit'
Mono config path = 'C:/Users/Cooki/Desktop/2020.3.14f1/Editor/Data/MonoBleedingEdge/etc'
Using monoOptions --debugger-agent=transport=dt_socket,embedding=1,server=y,suspend=n,address=127.0.0.1:56312
Begin MonoManager ReloadAssembly
Registering precompiled unity dll's ...
Register platform support module: C:/Users/Cooki/Desktop/2020.3.14f1/Editor/Data/PlaybackEngines/WebGLSupport/UnityEditor.WebGL.Extensions.dll
Register platform support module: C:/Users/Cooki/Desktop/2020.3.14f1/Editor/Data/PlaybackEngines/WindowsStandaloneSupport/UnityEditor.WindowsStandalone.Extensions.dll
Registered in 0.001446 seconds.
Native extension for WindowsStandalone target not found
Native extension for WebGL target not found
Refreshing native plugins compatible for Editor in 26.87 ms, found 2 plugins.
Preloading 0 native plugins for Editor in 0.00 ms.
Mono: successfully reloaded assembly
- Completed reload, in  1.010 seconds
Domain Reload Profiling:
	ReloadAssembly (1010ms)
		BeginReloadAssembly (48ms)
			ExecutionOrderSort (0ms)
			DisableScriptedObjects (0ms)
			BackupInstance (0ms)
			ReleaseScriptingObjects (0ms)
			CreateAndSetChildDomain (1ms)
		EndReloadAssembly (420ms)
			LoadAssemblies (46ms)
			RebuildTransferFunctionScriptingTraits (0ms)
			SetupTypeCache (159ms)
			ReleaseScriptCaches (0ms)
			RebuildScriptCaches (34ms)
			SetupLoadedEditorAssemblies (156ms)
				LogAssemblyErrors (0ms)
				InitializePlatformSupportModulesInManaged (5ms)
				SetLoadedEditorAssemblies (0ms)
				RefreshPlugins (27ms)
				BeforeProcessingInitializeOnLoad (11ms)
				ProcessInitializeOnLoadAttributes (85ms)
				ProcessInitializeOnLoadMethodAttributes (28ms)
				AfterProcessingInitializeOnLoad (0ms)
				EditorAssembliesLoaded (0ms)
			ExecutionOrderSort2 (0ms)
			AwakeInstancesAfterBackupRestoration (0ms)
Platform modules already initialized, skipping
Registering precompiled user dll's ...
Registered in 0.002747 seconds.
Begin MonoManager ReloadAssembly
Native extension for WindowsStandalone target not found
Native extension for WebGL target not found
Refreshing native plugins compatible for Editor in 0.30 ms, found 2 plugins.
Preloading 0 native plugins for Editor in 0.00 ms.
Mono: successfully reloaded assembly
- Completed reload, in  1.044 seconds
Domain Reload Profiling:
	ReloadAssembly (1045ms)
		BeginReloadAssembly (144ms)
			ExecutionOrderSort (0ms)
			DisableScriptedObjects (5ms)
			BackupInstance (0ms)
			ReleaseScriptingObjects (0ms)
			CreateAndSetChildDomain (19ms)
		EndReloadAssembly (838ms)
			LoadAssemblies (85ms)
			RebuildTransferFunctionScriptingTraits (0ms)
			SetupTypeCache (296ms)
			ReleaseScriptCaches (0ms)
			RebuildScriptCaches (46ms)
			SetupLoadedEditorAssemblies (313ms)
				LogAssemblyErrors (0ms)
				InitializePlatformSupportModulesInManaged (7ms)
				SetLoadedEditorAssemblies (0ms)
				RefreshPlugins (0ms)
				BeforeProcessingInitializeOnLoad (102ms)
				ProcessInitializeOnLoadAttributes (195ms)
				ProcessInitializeOnLoadMethodAttributes (4ms)
				AfterProcessingInitializeOnLoad (4ms)
				EditorAssembliesLoaded (0ms)
			ExecutionOrderSort2 (0ms)
			AwakeInstancesAfterBackupRestoration (8ms)
Platform modules already initialized, skipping
========================================================================
Worker process is ready to serve import requests
Launched and connected shader compiler UnityShaderCompiler.exe after 0.03 seconds
Refreshing native plugins compatible for Editor in 0.29 ms, found 2 plugins.
Preloading 0 native plugins for Editor in 0.00 ms.
Unloading 1390 Unused Serialized files (Serialized files now loaded: 0)
System memory in use before: 65.2 MB.
System memory in use after: 65.2 MB.

Unloading 19 unused Assets to reduce memory usage. Loaded Objects now: 1823.
Total: 2.465100 ms (FindLiveObjects: 0.192900 ms CreateObjectMapping: 0.052500 ms MarkObjects: 2.114600 ms  DeleteObjects: 0.104000 ms)

AssetImportParameters requested are different than current active one (requested -> active):
  custom:framework-win-MediaFoundation: 216162199b28c13a410421893ffa2e32 -> 
  custom:video-decoder-ogg-theora: a1e56fd34408186e4bbccfd4996cb3dc -> 
  custom:container-muxer-webm: aa71ff27fc2769a1b78a27578f13a17b -> 
  custom:container-demuxer-webm: 4f35f7cbe854078d1ac9338744f61a02 -> 
  custom:container-demuxer-ogg: 62fdf1f143b41e24485cea50d1cbac27 -> 
  custom:video-encoder-webm-vp8: eb34c28f22e8b96e1ab97ce403110664 -> 
  custom:video-codec-MediaFoundation-h265: 746d11721c4dcdbdad8f713fa42b33f4 -> 
  custom:video-decoder-webm-vp8: 9c59270c3fd7afecdb556c50c9e8de78 -> 
  custom:audio-decoder-ogg-vorbis: bf7c407c2cedff20999df2af8eb42d56 -> 
  custom:audio-encoder-webm-vorbis: bf7c407c2cedff20999df2af8eb42d56 -> 
========================================================================
Received Import Request.
  path: Assets/Scenes
  artifactKey: Guid(ba34f1d01e51e2a45bc7228bb2d405ae) Importer(815301076,1909f56bfc062723c751e8b465ee728b)
Start importing Assets/Scenes using Guid(ba34f1d01e51e2a45bc7228bb2d405ae) Importer(815301076,1909f56bfc062723c751e8b465ee728b)  -> (artifact id: '3d15018c9eff5990a4ce303952ebe381') in 0.009668 seconds 
  Import took 0.018761 seconds .

========================================================================
Received Import Request.
  Time since last request: 253.450126 seconds.
  path: Assets
  artifactKey: Guid(00000000000000001000000000000000) Importer(815301076,1909f56bfc062723c751e8b465ee728b)
Start importing Assets using Guid(00000000000000001000000000000000) Importer(815301076,1909f56bfc062723c751e8b465ee728b)  -> (artifact id: '42d402b061de3733987d63b9cc3b64de') in 0.010321 seconds 
  Import took 0.021711 seconds .

========================================================================
Received Import Request.
  Time since last request: 15.807234 seconds.
  path: Assets/Script
  artifactKey: Guid(3664ced35b075ec45b0ca6a0f9b5dcfe) Importer(815301076,1909f56bfc062723c751e8b465ee728b)
Start importing Assets/Script using Guid(3664ced35b075ec45b0ca6a0f9b5dcfe) Importer(815301076,1909f56bfc062723c751e8b465ee728b)  -> (artifact id: 'b54ea1f0d784568482d60fc905007a5b') in 0.008402 seconds 
  Import took 0.011022 seconds .

========================================================================
Received Prepare
Registering precompiled user dll's ...
Registered in 0.002555 seconds.
Begin MonoManager ReloadAssembly
Native extension for WindowsStandalone target not found
Native extension for WebGL target not found
Refreshing native plugins compatible for Editor in 0.44 ms, found 2 plugins.
Preloading 0 native plugins for Editor in 0.00 ms.
Mono: successfully reloaded assembly
- Completed reload, in  1.053 seconds
Domain Reload Profiling:
	ReloadAssembly (1054ms)
		BeginReloadAssembly (114ms)
			ExecutionOrderSort (0ms)
			DisableScriptedObjects (5ms)
			BackupInstance (0ms)
			ReleaseScriptingObjects (0ms)
			CreateAndSetChildDomain (31ms)
		EndReloadAssembly (862ms)
			LoadAssemblies (83ms)
			RebuildTransferFunctionScriptingTraits (0ms)
			SetupTypeCache (308ms)
			ReleaseScriptCaches (1ms)
			RebuildScriptCaches (39ms)
			SetupLoadedEditorAssemblies (296ms)
				LogAssemblyErrors (0ms)
				InitializePlatformSupportModulesInManaged (6ms)
				SetLoadedEditorAssemblies (1ms)
				RefreshPlugins (1ms)
				BeforeProcessingInitializeOnLoad (97ms)
				ProcessInitializeOnLoadAttributes (184ms)
				ProcessInitializeOnLoadMethodAttributes (3ms)
				AfterProcessingInitializeOnLoad (4ms)
				EditorAssembliesLoaded (0ms)
			ExecutionOrderSort2 (0ms)
			AwakeInstancesAfterBackupRestoration (6ms)
Platform modules already initialized, skipping
Refreshing native plugins compatible for Editor in 0.27 ms, found 2 plugins.
Preloading 0 native plugins for Editor in 0.00 ms.
Unloading 1390 Unused Serialized files (Serialized files now loaded: 0)
System memory in use before: 65.2 MB.
System memory in use after: 65.3 MB.

Unloading 14 unused Assets to reduce memory usage. Loaded Objects now: 1831.
Total: 1.630200 ms (FindLiveObjects: 0.136000 ms CreateObjectMapping: 0.034300 ms MarkObjects: 1.408600 ms  DeleteObjects: 0.050300 ms)

AssetImportParameters requested are different than current active one (requested -> active):
  custom:framework-win-MediaFoundation: 216162199b28c13a410421893ffa2e32 -> 
  custom:video-decoder-ogg-theora: a1e56fd34408186e4bbccfd4996cb3dc -> 
  custom:container-muxer-webm: aa71ff27fc2769a1b78a27578f13a17b -> 
  custom:container-demuxer-webm: 4f35f7cbe854078d1ac9338744f61a02 -> 
  custom:container-demuxer-ogg: 62fdf1f143b41e24485cea50d1cbac27 -> 
  custom:video-encoder-webm-vp8: eb34c28f22e8b96e1ab97ce403110664 -> 
  custom:video-codec-MediaFoundation-h265: 746d11721c4dcdbdad8f713fa42b33f4 -> 
  custom:video-decoder-webm-vp8: 9c59270c3fd7afecdb556c50c9e8de78 -> 
  custom:audio-decoder-ogg-vorbis: bf7c407c2cedff20999df2af8eb42d56 -> 
  custom:audio-encoder-webm-vorbis: bf7c407c2cedff20999df2af8eb42d56 -> 
========================================================================
Received Import Request.
  Time since last request: 50.982700 seconds.
  path: Assets/Script/DialogueObject.cs
  artifactKey: Guid(bbf58aa6acebe69438bfddbdd816aaee) Importer(815301076,1909f56bfc062723c751e8b465ee728b)
Start importing Assets/Script/DialogueObject.cs using Guid(bbf58aa6acebe69438bfddbdd816aaee) Importer(815301076,1909f56bfc062723c751e8b465ee728b)  -> (artifact id: '1221efae1e73d40f6ac01416dd82a4bc') in 0.033224 seconds 
  Import took 0.036150 seconds .

========================================================================
Received Import Request.
  Time since last request: 0.003520 seconds.
  path: Assets/Script/DialogueObject.cs
  artifactKey: Guid(bbf58aa6acebe69438bfddbdd816aaee) Importer(815301076,1909f56bfc062723c751e8b465ee728b)
Start importing Assets/Script/DialogueObject.cs using Guid(bbf58aa6acebe69438bfddbdd816aaee) Importer(815301076,1909f56bfc062723c751e8b465ee728b)  -> (artifact id: '1221efae1e73d40f6ac01416dd82a4bc') in 0.004610 seconds 
  Import took 0.007686 seconds .

========================================================================
Received Import Request.
  Time since last request: 0.410447 seconds.
  path: Assets/Script/DialogueUI.cs
  artifactKey: Guid(a14c122e7d779ff4ab19726b981ecfd8) Importer(815301076,1909f56bfc062723c751e8b465ee728b)
Start importing Assets/Script/DialogueUI.cs using Guid(a14c122e7d779ff4ab19726b981ecfd8) Importer(815301076,1909f56bfc062723c751e8b465ee728b)  -> (artifact id: '37a57fd4808702683f6122e26c61be69') in 0.010438 seconds 
  Import took 0.016720 seconds .

========================================================================
Received Import Request.
  Time since last request: 0.408225 seconds.
  path: Assets/Script/Response.cs
  artifactKey: Guid(8bb7027a44622e44f8f376a8ec4438bf) Importer(815301076,1909f56bfc062723c751e8b465ee728b)
Start importing Assets/Script/Response.cs using Guid(8bb7027a44622e44f8f376a8ec4438bf) Importer(815301076,1909f56bfc062723c751e8b465ee728b)  -> (artifact id: 'd715214ab83225c26f8e9a973b32b5c0') in 0.008670 seconds 
  Import took 0.018466 seconds .

========================================================================
Received Import Request.
  Time since last request: 0.002251 seconds.
  path: Assets/Script/Response.cs
  artifactKey: Guid(8bb7027a44622e44f8f376a8ec4438bf) Importer(815301076,1909f56bfc062723c751e8b465ee728b)
Start importing Assets/Script/Response.cs using Guid(8bb7027a44622e44f8f376a8ec4438bf) Importer(815301076,1909f56bfc062723c751e8b465ee728b)  -> (artifact id: 'd715214ab83225c26f8e9a973b32b5c0') in 0.005712 seconds 
  Import took 0.008518 seconds .

========================================================================
Received Import Request.
  Time since last request: 0.343452 seconds.
  path: Assets/Script/ResponseHandler.cs
  artifactKey: Guid(7e94226575196644d98cbfa08a92736c) Importer(815301076,1909f56bfc062723c751e8b465ee728b)
Start importing Assets/Script/ResponseHandler.cs using Guid(7e94226575196644d98cbfa08a92736c) Importer(815301076,1909f56bfc062723c751e8b465ee728b)  -> (artifact id: 'bc7d031df448d725b4503b6b6bededf2') in 0.011146 seconds 
  Import took 0.013786 seconds .

========================================================================
Received Import Request.
  Time since last request: 0.333141 seconds.
  path: Assets/Script/TypewriterEffect.cs
  artifactKey: Guid(7733ae936e0cded43a782f9a5e94d1b8) Importer(815301076,1909f56bfc062723c751e8b465ee728b)
Start importing Assets/Script/TypewriterEffect.cs using Guid(7733ae936e0cded43a782f9a5e94d1b8) Importer(815301076,1909f56bfc062723c751e8b465ee728b)  -> (artifact id: '24de946fd650b521182cc62f3f88f59a') in 0.007904 seconds 
  Import took 0.011413 seconds .

========================================================================
Received Import Request.
  Time since last request: 685.748829 seconds.
  path: Assets/Dialogue Datas
  artifactKey: Guid(14b3d855b4e22db4a9f180743fb7fad1) Importer(815301076,1909f56bfc062723c751e8b465ee728b)
Start importing Assets/Dialogue Datas using Guid(14b3d855b4e22db4a9f180743fb7fad1) Importer(815301076,1909f56bfc062723c751e8b465ee728b)  -> (artifact id: '72f47a8c07d2681a1afd21e68bc733a5') in 0.006961 seconds 
  Import took 0.010348 seconds .

========================================================================
Received Import Request.
  Time since last request: 13.337198 seconds.
  path: Assets/DialogueData
  artifactKey: Guid(14b3d855b4e22db4a9f180743fb7fad1) Importer(815301076,1909f56bfc062723c751e8b465ee728b)
Start importing Assets/DialogueData using Guid(14b3d855b4e22db4a9f180743fb7fad1) Importer(815301076,1909f56bfc062723c751e8b465ee728b)  -> (artifact id: 'a4cb7e2090752e6178c4aaf42d508b48') in 0.007929 seconds 
  Import took 0.011827 seconds .

========================================================================
Received Import Request.
  Time since last request: 9.494776 seconds.
  path: Assets/DialogueData/test.asset
  artifactKey: Guid(2c4b186f6dc35424b9e3f0c9b24ec30b) Importer(815301076,1909f56bfc062723c751e8b465ee728b)
Start importing Assets/DialogueData/test.asset using Guid(2c4b186f6dc35424b9e3f0c9b24ec30b) Importer(815301076,1909f56bfc062723c751e8b465ee728b)  -> (artifact id: '957b262338f951e3d85b0358037754e0') in 0.025041 seconds 
  Import took 0.029701 seconds .

========================================================================
Received Import Request.
  Time since last request: 28.405714 seconds.
  path: Assets/DialogueData/Yes.asset
  artifactKey: Guid(61dc1f9f0bfb04f4f94b0fed7f071ab7) Importer(815301076,1909f56bfc062723c751e8b465ee728b)
Start importing Assets/DialogueData/Yes.asset using Guid(61dc1f9f0bfb04f4f94b0fed7f071ab7) Importer(815301076,1909f56bfc062723c751e8b465ee728b)  -> (artifact id: 'b0ac784b1fe8e80ba897b1bffa96e5f2') in 0.004599 seconds 
  Import took 0.008607 seconds .

========================================================================
Received Import Request.
  Time since last request: 6.893368 seconds.
  path: Assets/DialogueData/No.asset
  artifactKey: Guid(0ccb8f53b6e55c644b834351faac5b44) Importer(815301076,1909f56bfc062723c751e8b465ee728b)
Start importing Assets/DialogueData/No.asset using Guid(0ccb8f53b6e55c644b834351faac5b44) Importer(815301076,1909f56bfc062723c751e8b465ee728b)  -> (artifact id: 'e80ec5a061dfe4b22244e6c9a5b75575') in 0.003586 seconds 
  Import took 0.007982 seconds .

========================================================================
Received Prepare
Registering precompiled user dll's ...
Registered in 0.003477 seconds.
Begin MonoManager ReloadAssembly
Native extension for WindowsStandalone target not found
Native extension for WebGL target not found
Refreshing native plugins compatible for Editor in 0.30 ms, found 2 plugins.
Preloading 0 native plugins for Editor in 0.00 ms.
Mono: successfully reloaded assembly
- Completed reload, in  1.091 seconds
Domain Reload Profiling:
	ReloadAssembly (1092ms)
		BeginReloadAssembly (117ms)
			ExecutionOrderSort (0ms)
			DisableScriptedObjects (5ms)
			BackupInstance (0ms)
			ReleaseScriptingObjects (0ms)
			CreateAndSetChildDomain (33ms)
		EndReloadAssembly (900ms)
			LoadAssemblies (94ms)
			RebuildTransferFunctionScriptingTraits (0ms)
			SetupTypeCache (284ms)
			ReleaseScriptCaches (1ms)
			RebuildScriptCaches (39ms)
			SetupLoadedEditorAssemblies (377ms)
				LogAssemblyErrors (0ms)
				InitializePlatformSupportModulesInManaged (7ms)
				SetLoadedEditorAssemblies (0ms)
				RefreshPlugins (0ms)
				BeforeProcessingInitializeOnLoad (133ms)
				ProcessInitializeOnLoadAttributes (229ms)
				ProcessInitializeOnLoadMethodAttributes (4ms)
				AfterProcessingInitializeOnLoad (4ms)
				EditorAssembliesLoaded (0ms)
			ExecutionOrderSort2 (0ms)
			AwakeInstancesAfterBackupRestoration (7ms)
Platform modules already initialized, skipping
Refreshing native plugins compatible for Editor in 0.32 ms, found 2 plugins.
Preloading 0 native plugins for Editor in 0.00 ms.
Unloading 1403 Unused Serialized files (Serialized files now loaded: 0)
System memory in use before: 67.3 MB.
System memory in use after: 66.7 MB.

Unloading 27 unused Assets to reduce memory usage. Loaded Objects now: 1834.
Total: 1.925700 ms (FindLiveObjects: 0.143200 ms CreateObjectMapping: 0.043500 ms MarkObjects: 1.450200 ms  DeleteObjects: 0.288000 ms)

AssetImportParameters requested are different than current active one (requested -> active):
  custom:framework-win-MediaFoundation: 216162199b28c13a410421893ffa2e32 -> 
  custom:video-decoder-ogg-theora: a1e56fd34408186e4bbccfd4996cb3dc -> 
  custom:container-muxer-webm: aa71ff27fc2769a1b78a27578f13a17b -> 
  custom:container-demuxer-webm: 4f35f7cbe854078d1ac9338744f61a02 -> 
  custom:container-demuxer-ogg: 62fdf1f143b41e24485cea50d1cbac27 -> 
  custom:video-encoder-webm-vp8: eb34c28f22e8b96e1ab97ce403110664 -> 
  custom:video-codec-MediaFoundation-h265: 746d11721c4dcdbdad8f713fa42b33f4 -> 
  custom:video-decoder-webm-vp8: 9c59270c3fd7afecdb556c50c9e8de78 -> 
  custom:audio-decoder-ogg-vorbis: bf7c407c2cedff20999df2af8eb42d56 -> 
  custom:audio-encoder-webm-vorbis: bf7c407c2cedff20999df2af8eb42d56 -> 
========================================================================
Received Prepare
Registering precompiled user dll's ...
Registered in 0.006117 seconds.
Begin MonoManager ReloadAssembly
Native extension for WindowsStandalone target not found
Native extension for WebGL target not found
Refreshing native plugins compatible for Editor in 0.78 ms, found 2 plugins.
Preloading 0 native plugins for Editor in 0.00 ms.
Mono: successfully reloaded assembly
- Completed reload, in  1.301 seconds
Domain Reload Profiling:
	ReloadAssembly (1302ms)
		BeginReloadAssembly (179ms)
			ExecutionOrderSort (0ms)
			DisableScriptedObjects (10ms)
			BackupInstance (0ms)
			ReleaseScriptingObjects (0ms)
			CreateAndSetChildDomain (64ms)
		EndReloadAssembly (1040ms)
			LoadAssemblies (108ms)
			RebuildTransferFunctionScriptingTraits (0ms)
			SetupTypeCache (344ms)
			ReleaseScriptCaches (1ms)
			RebuildScriptCaches (98ms)
			SetupLoadedEditorAssemblies (329ms)
				LogAssemblyErrors (0ms)
				InitializePlatformSupportModulesInManaged (9ms)
				SetLoadedEditorAssemblies (1ms)
				RefreshPlugins (1ms)
				BeforeProcessingInitializeOnLoad (121ms)
				ProcessInitializeOnLoadAttributes (189ms)
				ProcessInitializeOnLoadMethodAttributes (3ms)
				AfterProcessingInitializeOnLoad (4ms)
				EditorAssembliesLoaded (0ms)
			ExecutionOrderSort2 (0ms)
			AwakeInstancesAfterBackupRestoration (7ms)
Platform modules already initialized, skipping
Refreshing native plugins compatible for Editor in 0.37 ms, found 2 plugins.
Preloading 0 native plugins for Editor in 0.00 ms.
Unloading 1403 Unused Serialized files (Serialized files now loaded: 0)
System memory in use before: 67.3 MB.
System memory in use after: 66.7 MB.

Unloading 27 unused Assets to reduce memory usage. Loaded Objects now: 1837.
Total: 5.187900 ms (FindLiveObjects: 0.274700 ms CreateObjectMapping: 0.099300 ms MarkObjects: 4.170000 ms  DeleteObjects: 0.641900 ms)

AssetImportParameters requested are different than current active one (requested -> active):
  custom:framework-win-MediaFoundation: 216162199b28c13a410421893ffa2e32 -> 
  custom:video-decoder-ogg-theora: a1e56fd34408186e4bbccfd4996cb3dc -> 
  custom:container-muxer-webm: aa71ff27fc2769a1b78a27578f13a17b -> 
  custom:container-demuxer-webm: 4f35f7cbe854078d1ac9338744f61a02 -> 
  custom:container-demuxer-ogg: 62fdf1f143b41e24485cea50d1cbac27 -> 
  custom:video-encoder-webm-vp8: eb34c28f22e8b96e1ab97ce403110664 -> 
  custom:video-codec-MediaFoundation-h265: 746d11721c4dcdbdad8f713fa42b33f4 -> 
  custom:video-decoder-webm-vp8: 9c59270c3fd7afecdb556c50c9e8de78 -> 
  custom:audio-decoder-ogg-vorbis: bf7c407c2cedff20999df2af8eb42d56 -> 
  custom:audio-encoder-webm-vorbis: bf7c407c2cedff20999df2af8eb42d56 -> 
========================================================================
Received Prepare
Registering precompiled user dll's ...
Registered in 0.004011 seconds.
Begin MonoManager ReloadAssembly
Native extension for WindowsStandalone target not found
Native extension for WebGL target not found
Refreshing native plugins compatible for Editor in 0.34 ms, found 2 plugins.
Preloading 0 native plugins for Editor in 0.00 ms.
Mono: successfully reloaded assembly
- Completed reload, in  1.041 seconds
Domain Reload Profiling:
	ReloadAssembly (1041ms)
		BeginReloadAssembly (99ms)
			ExecutionOrderSort (0ms)
			DisableScriptedObjects (5ms)
			BackupInstance (0ms)
			ReleaseScriptingObjects (0ms)
			CreateAndSetChildDomain (30ms)
		EndReloadAssembly (874ms)
			LoadAssemblies (84ms)
			RebuildTransferFunctionScriptingTraits (0ms)
			SetupTypeCache (292ms)
			ReleaseScriptCaches (1ms)
			RebuildScriptCaches (39ms)
			SetupLoadedEditorAssemblies (348ms)
				LogAssemblyErrors (0ms)
				InitializePlatformSupportModulesInManaged (8ms)
				SetLoadedEditorAssemblies (0ms)
				RefreshPlugins (0ms)
				BeforeProcessingInitializeOnLoad (131ms)
				ProcessInitializeOnLoadAttributes (201ms)
				ProcessInitializeOnLoadMethodAttributes (3ms)
				AfterProcessingInitializeOnLoad (4ms)
				EditorAssembliesLoaded (0ms)
			ExecutionOrderSort2 (0ms)
			AwakeInstancesAfterBackupRestoration (7ms)
Platform modules already initialized, skipping
Refreshing native plugins compatible for Editor in 0.56 ms, found 2 plugins.
Preloading 0 native plugins for Editor in 0.00 ms.
Unloading 1403 Unused Serialized files (Serialized files now loaded: 0)
System memory in use before: 67.3 MB.
System memory in use after: 66.7 MB.

Unloading 27 unused Assets to reduce memory usage. Loaded Objects now: 1840.
Total: 2.537900 ms (FindLiveObjects: 0.144800 ms CreateObjectMapping: 0.041800 ms MarkObjects: 1.992000 ms  DeleteObjects: 0.357800 ms)

AssetImportParameters requested are different than current active one (requested -> active):
  custom:framework-win-MediaFoundation: 216162199b28c13a410421893ffa2e32 -> 
  custom:video-decoder-ogg-theora: a1e56fd34408186e4bbccfd4996cb3dc -> 
  custom:container-muxer-webm: aa71ff27fc2769a1b78a27578f13a17b -> 
  custom:container-demuxer-webm: 4f35f7cbe854078d1ac9338744f61a02 -> 
  custom:container-demuxer-ogg: 62fdf1f143b41e24485cea50d1cbac27 -> 
  custom:video-encoder-webm-vp8: eb34c28f22e8b96e1ab97ce403110664 -> 
  custom:video-codec-MediaFoundation-h265: 746d11721c4dcdbdad8f713fa42b33f4 -> 
  custom:video-decoder-webm-vp8: 9c59270c3fd7afecdb556c50c9e8de78 -> 
  custom:audio-decoder-ogg-vorbis: bf7c407c2cedff20999df2af8eb42d56 -> 
  custom:audio-encoder-webm-vorbis: bf7c407c2cedff20999df2af8eb42d56 -> 
========================================================================
Received Import Request.
  Time since last request: 615.386372 seconds.
  path: Assets/experiment
  artifactKey: Guid(24f3ab8a59808fc409f02ac366c3c3b3) Importer(815301076,1909f56bfc062723c751e8b465ee728b)
Start importing Assets/experiment using Guid(24f3ab8a59808fc409f02ac366c3c3b3) Importer(815301076,1909f56bfc062723c751e8b465ee728b)  -> (artifact id: 'ef14dc1828209aaea6c8ea48fbc98fe5') in 0.010161 seconds 
  Import took 0.014961 seconds .

========================================================================
Received Import Request.
  Time since last request: 92.027583 seconds.
  path: Assets/experiment/Veh_Ute_Red_Z.prefab
  artifactKey: Guid(96dd3e9372eee2944b4ceac41bf15375) Importer(815301076,1909f56bfc062723c751e8b465ee728b)
Start importing Assets/experiment/Veh_Ute_Red_Z.prefab using Guid(96dd3e9372eee2944b4ceac41bf15375) Importer(815301076,1909f56bfc062723c751e8b465ee728b)  -> (artifact id: '2ebe6c8915320e9026798cdf1e91081b') in 0.030143 seconds 
  Import took 0.033604 seconds .

========================================================================
Received Import Request.
  Time since last request: 0.092429 seconds.
  path: Assets/experiment/Veh_Ute_Red_Z.prefab
  artifactKey: Guid(96dd3e9372eee2944b4ceac41bf15375) Importer(815301076,1909f56bfc062723c751e8b465ee728b)
Start importing Assets/experiment/Veh_Ute_Red_Z.prefab using Guid(96dd3e9372eee2944b4ceac41bf15375) Importer(815301076,1909f56bfc062723c751e8b465ee728b)  -> (artifact id: '2ebe6c8915320e9026798cdf1e91081b') in 0.005006 seconds 
  Import took 0.007923 seconds .

========================================================================
Received Import Request.
  Time since last request: 180.112115 seconds.
  path: Assets/experiment/MountainSkybox.prefab
  artifactKey: Guid(1fb9b3c4a68ca754ba6c5732ee65aa11) Importer(815301076,1909f56bfc062723c751e8b465ee728b)
Start importing Assets/experiment/MountainSkybox.prefab using Guid(1fb9b3c4a68ca754ba6c5732ee65aa11) Importer(815301076,1909f56bfc062723c751e8b465ee728b)  -> (artifact id: 'e52c7dd2c8f9061ea9c9de7c3a6c99f9') in 0.010989 seconds 
  Import took 0.015388 seconds .

========================================================================
Received Import Request.
  Time since last request: 651.215710 seconds.
  path: Assets/experiment/Blender.rar
  artifactKey: Guid(8b04f585d069c5f40a4a566d32a63925) Importer(815301076,1909f56bfc062723c751e8b465ee728b)
Start importing Assets/experiment/Blender.rar using Guid(8b04f585d069c5f40a4a566d32a63925) Importer(815301076,1909f56bfc062723c751e8b465ee728b)  -> (artifact id: '10d73bf8c4931aff63ae6d5420483163') in 0.012565 seconds 
  Import took 0.015547 seconds .

========================================================================
Received Import Request.
  Time since last request: 306.347023 seconds.
  path: Assets/experiment/Blender.blend
  artifactKey: Guid(91b717e1a69c12c4c9514d8d3ddc00cf) Importer(815301076,1909f56bfc062723c751e8b465ee728b)
Start importing Assets/experiment/Blender.blend using Guid(91b717e1a69c12c4c9514d8d3ddc00cf) Importer(815301076,1909f56bfc062723c751e8b465ee728b)  -> (artifact id: 'dfe9d8226e11d345dff660fc7367980c') in 2.299652 seconds 
  Import took 2.324331 seconds .

========================================================================
Received Prepare
Registering precompiled user dll's ...
Registered in 0.009672 seconds.
Begin MonoManager ReloadAssembly
Native extension for WindowsStandalone target not found
Native extension for WebGL target not found
Refreshing native plugins compatible for Editor in 0.97 ms, found 2 plugins.
Preloading 0 native plugins for Editor in 0.00 ms.
Mono: successfully reloaded assembly
- Completed reload, in  3.206 seconds
Domain Reload Profiling:
	ReloadAssembly (3207ms)
		BeginReloadAssembly (401ms)
			ExecutionOrderSort (0ms)
			DisableScriptedObjects (25ms)
			BackupInstance (0ms)
			ReleaseScriptingObjects (0ms)
			CreateAndSetChildDomain (171ms)
		EndReloadAssembly (2624ms)
			LoadAssemblies (219ms)
			RebuildTransferFunctionScriptingTraits (0ms)
			SetupTypeCache (768ms)
			ReleaseScriptCaches (1ms)
			RebuildScriptCaches (140ms)
			SetupLoadedEditorAssemblies (1177ms)
				LogAssemblyErrors (0ms)
				InitializePlatformSupportModulesInManaged (31ms)
				SetLoadedEditorAssemblies (2ms)
				RefreshPlugins (1ms)
				BeforeProcessingInitializeOnLoad (385ms)
				ProcessInitializeOnLoadAttributes (738ms)
				ProcessInitializeOnLoadMethodAttributes (9ms)
				AfterProcessingInitializeOnLoad (10ms)
				EditorAssembliesLoaded (1ms)
			ExecutionOrderSort2 (0ms)
			AwakeInstancesAfterBackupRestoration (16ms)
Platform modules already initialized, skipping
Refreshing native plugins compatible for Editor in 1.49 ms, found 2 plugins.
Preloading 0 native plugins for Editor in 0.00 ms.
Unloading 1403 Unused Serialized files (Serialized files now loaded: 0)
System memory in use before: 84.4 MB.
System memory in use after: 83.8 MB.

Unloading 27 unused Assets to reduce memory usage. Loaded Objects now: 1887.
Total: 8.822900 ms (FindLiveObjects: 0.801600 ms CreateObjectMapping: 0.284200 ms MarkObjects: 6.387700 ms  DeleteObjects: 1.344900 ms)

AssetImportParameters requested are different than current active one (requested -> active):
  custom:framework-win-MediaFoundation: 216162199b28c13a410421893ffa2e32 -> 
  custom:video-decoder-ogg-theora: a1e56fd34408186e4bbccfd4996cb3dc -> 
  custom:container-muxer-webm: aa71ff27fc2769a1b78a27578f13a17b -> 
  custom:container-demuxer-webm: 4f35f7cbe854078d1ac9338744f61a02 -> 
  custom:container-demuxer-ogg: 62fdf1f143b41e24485cea50d1cbac27 -> 
  custom:video-encoder-webm-vp8: eb34c28f22e8b96e1ab97ce403110664 -> 
  custom:video-codec-MediaFoundation-h265: 746d11721c4dcdbdad8f713fa42b33f4 -> 
  custom:video-decoder-webm-vp8: 9c59270c3fd7afecdb556c50c9e8de78 -> 
  custom:audio-decoder-ogg-vorbis: bf7c407c2cedff20999df2af8eb42d56 -> 
  custom:audio-encoder-webm-vorbis: bf7c407c2cedff20999df2af8eb42d56 -> 
========================================================================
Received Import Request.
  Time since last request: 551.898858 seconds.
  path: Assets/experiment/house.blend
  artifactKey: Guid(15091302d30b38941b549b1afcfaec32) Importer(815301076,1909f56bfc062723c751e8b465ee728b)
Start importing Assets/experiment/house.blend using Guid(15091302d30b38941b549b1afcfaec32) Importer(815301076,1909f56bfc062723c751e8b465ee728b)  -> (artifact id: 'be6dfd05c81e5da2ec8e4c4cf17ee6f0') in 1.649422 seconds 
  Import took 1.668699 seconds .

========================================================================
Received Prepare
Registering precompiled user dll's ...
Registered in 0.014809 seconds.
Begin MonoManager ReloadAssembly
Native extension for WindowsStandalone target not found
Native extension for WebGL target not found
Refreshing native plugins compatible for Editor in 1.24 ms, found 2 plugins.
Preloading 0 native plugins for Editor in 0.00 ms.
Mono: successfully reloaded assembly
- Completed reload, in  6.345 seconds
Domain Reload Profiling:
	ReloadAssembly (6348ms)
		BeginReloadAssembly (587ms)
			ExecutionOrderSort (0ms)
			DisableScriptedObjects (20ms)
			BackupInstance (0ms)
			ReleaseScriptingObjects (0ms)
			CreateAndSetChildDomain (199ms)
		EndReloadAssembly (5415ms)
			LoadAssemblies (445ms)
			RebuildTransferFunctionScriptingTraits (0ms)
			SetupTypeCache (2049ms)
			ReleaseScriptCaches (4ms)
			RebuildScriptCaches (280ms)
			SetupLoadedEditorAssemblies (1825ms)
				LogAssemblyErrors (0ms)
				InitializePlatformSupportModulesInManaged (31ms)
				SetLoadedEditorAssemblies (2ms)
				RefreshPlugins (2ms)
				BeforeProcessingInitializeOnLoad (674ms)
				ProcessInitializeOnLoadAttributes (1081ms)
				ProcessInitializeOnLoadMethodAttributes (18ms)
				AfterProcessingInitializeOnLoad (17ms)
				EditorAssembliesLoaded (1ms)
			ExecutionOrderSort2 (0ms)
			AwakeInstancesAfterBackupRestoration (33ms)
Platform modules already initialized, skipping
Refreshing native plugins compatible for Editor in 1.38 ms, found 2 plugins.
Preloading 0 native plugins for Editor in 0.00 ms.
Unloading 1403 Unused Serialized files (Serialized files now loaded: 0)
System memory in use before: 84.5 MB.
System memory in use after: 83.9 MB.

Unloading 28 unused Assets to reduce memory usage. Loaded Objects now: 1891.
Total: 11.240400 ms (FindLiveObjects: 0.909600 ms CreateObjectMapping: 0.664400 ms MarkObjects: 8.606700 ms  DeleteObjects: 1.051800 ms)

AssetImportParameters requested are different than current active one (requested -> active):
  custom:framework-win-MediaFoundation: 216162199b28c13a410421893ffa2e32 -> 
  custom:video-decoder-ogg-theora: a1e56fd34408186e4bbccfd4996cb3dc -> 
  custom:container-muxer-webm: aa71ff27fc2769a1b78a27578f13a17b -> 
  custom:container-demuxer-webm: 4f35f7cbe854078d1ac9338744f61a02 -> 
  custom:container-demuxer-ogg: 62fdf1f143b41e24485cea50d1cbac27 -> 
  custom:video-encoder-webm-vp8: eb34c28f22e8b96e1ab97ce403110664 -> 
  custom:video-codec-MediaFoundation-h265: 746d11721c4dcdbdad8f713fa42b33f4 -> 
  custom:video-decoder-webm-vp8: 9c59270c3fd7afecdb556c50c9e8de78 -> 
  custom:audio-decoder-ogg-vorbis: bf7c407c2cedff20999df2af8eb42d56 -> 
  custom:audio-encoder-webm-vorbis: bf7c407c2cedff20999df2af8eb42d56 -> 
AssetImportWorkerClient::OnTransportError - code=2 error=End of file
